#-----------------------------------------------------------
# Vivado v2020.1 (64-bit)
# SW Build 2902540 on Wed May 27 19:54:49 MDT 2020
# IP Build 2902112 on Wed May 27 22:43:36 MDT 2020
# Start of session at: Wed Sep  2 17:07:31 2020
# Process ID: 6196
# Current directory: F:/Documents/Uni/CSSE4010/prac3/project_3
# Command line: vivado.exe -gui_launcher_event rodinguilauncherevent18592 F:\Documents\Uni\CSSE4010\prac3\project_3\project_3.xpr
# Log file: F:/Documents/Uni/CSSE4010/prac3/project_3/vivado.log
# Journal file: F:/Documents/Uni/CSSE4010/prac3/project_3\vivado.jou
#-----------------------------------------------------------
start_gui
open_project F:/Documents/Uni/CSSE4010/prac3/project_3/project_3.xpr
Scanning sources...
Finished scanning sources
INFO: [IP_Flow 19-234] Refreshing IP repositories
INFO: [IP_Flow 19-1704] No user IP repositories specified
INFO: [IP_Flow 19-2313] Loaded Vivado IP repository 'F:/Xilinx/Vivado/2020.1/data/ip'.
open_project: Time (s): cpu = 00:00:32 ; elapsed = 00:00:15 . Memory (MB): peak = 1024.949 ; gain = 0.000
update_compile_order -fileset sources_1
